<?xml version="1.0" encoding="UTF-8"?>
<testng-results ignored="0" total="2" passed="2" failed="0" skipped="0">
  <reporter-output>
    <line>
      <![CDATA[Login page is loaded successfully
<a href="D:\Auto\Capstone_SDETAdvanced\test-output\reports\archive\Login_14_07_24_09_50_43_882.png"> <img src="D:\Auto\Capstone_SDETAdvanced\test-output\reports\archive\Login_14_07_24_09_50_43_882.png" height='100' width='100'/> </a>
]]>
    </line>
    <line>
      <![CDATA[Username entered with standard_user
<a href="D:\Auto\Capstone_SDETAdvanced\test-output\reports\archive\Username_14_07_24_09_50_47_814.png"> <img src="D:\Auto\Capstone_SDETAdvanced\test-output\reports\archive\Username_14_07_24_09_50_47_814.png" height='100' width='100'/> </a>
]]>
    </line>
    <line>
      <![CDATA[Password entered with secret_sauce
<a href="D:\Auto\Capstone_SDETAdvanced\test-output\reports\archive\Password_14_07_24_09_50_48_479.png"> <img src="D:\Auto\Capstone_SDETAdvanced\test-output\reports\archive\Password_14_07_24_09_50_48_479.png" height='100' width='100'/> </a>
]]>
    </line>
    <line>
      <![CDATA[ProductPage page is loaded successfully
<a href="D:\Auto\Capstone_SDETAdvanced\test-output\reports\archive\ProductPage_14_07_24_09_50_51_814.png"> <img src="D:\Auto\Capstone_SDETAdvanced\test-output\reports\archive\ProductPage_14_07_24_09_50_51_814.png" height='100' width='100'/> </a>
]]>
    </line>
    <line>
      <![CDATA[ProductPage Element is not loaded successfully
<a href="D:\Auto\Capstone_SDETAdvanced\test-output\reports\archive\ProductPage_14_07_24_09_51_00_325.png"> <img src="D:\Auto\Capstone_SDETAdvanced\test-output\reports\archive\ProductPage_14_07_24_09_51_00_325.png" height='100' width='100'/> </a>
]]>
    </line>
    <line>
      <![CDATA[ProductPage Element is not loaded successfully
<a href="D:\Auto\Capstone_SDETAdvanced\test-output\reports\archive\ProductPage_14_07_24_09_51_13_754.png"> <img src="D:\Auto\Capstone_SDETAdvanced\test-output\reports\archive\ProductPage_14_07_24_09_51_13_754.png" height='100' width='100'/> </a>
]]>
    </line>
    <line>
      <![CDATA[Your Cart Element is loaded successfully
<a href="D:\Auto\Capstone_SDETAdvanced\test-output\reports\archive\Your Cart_14_07_24_09_51_17_914.png"> <img src="D:\Auto\Capstone_SDETAdvanced\test-output\reports\archive\Your Cart_14_07_24_09_51_17_914.png" height='100' width='100'/> </a>
]]>
    </line>
    <line>
      <![CDATA[Checkout: Your Information Element is loaded successfully
<a href="D:\Auto\Capstone_SDETAdvanced\test-output\reports\archive\Checkout: Your Information_14_07_24_09_51_22_367.png"> <img src="D:\Auto\Capstone_SDETAdvanced\test-output\reports\archive\Checkout: Your Information_14_07_24_09_51_22_367.png" height='100' width='100'/> </a>
]]>
    </line>
    <line>
      <![CDATA[FirstName entered with James
<a href="D:\Auto\Capstone_SDETAdvanced\test-output\reports\archive\FirstName_14_07_24_09_51_24_188.png"> <img src="D:\Auto\Capstone_SDETAdvanced\test-output\reports\archive\FirstName_14_07_24_09_51_24_188.png" height='100' width='100'/> </a>
]]>
    </line>
    <line>
      <![CDATA[LastName entered with David
<a href="D:\Auto\Capstone_SDETAdvanced\test-output\reports\archive\LastName_14_07_24_09_51_25_157.png"> <img src="D:\Auto\Capstone_SDETAdvanced\test-output\reports\archive\LastName_14_07_24_09_51_25_157.png" height='100' width='100'/> </a>
]]>
    </line>
    <line>
      <![CDATA[ZipCode entered with 6000393
<a href="D:\Auto\Capstone_SDETAdvanced\test-output\reports\archive\ZipCode_14_07_24_09_51_25_673.png"> <img src="D:\Auto\Capstone_SDETAdvanced\test-output\reports\archive\ZipCode_14_07_24_09_51_25_673.png" height='100' width='100'/> </a>
]]>
    </line>
    <line>
      <![CDATA[Checkout: Overview Element is loaded successfully
<a href="D:\Auto\Capstone_SDETAdvanced\test-output\reports\archive\Checkout: Overview_14_07_24_09_51_29_618.png"> <img src="D:\Auto\Capstone_SDETAdvanced\test-output\reports\archive\Checkout: Overview_14_07_24_09_51_29_618.png" height='100' width='100'/> </a>
]]>
    </line>
    <line>
      <![CDATA[Confirm Element is loaded successfully
<a href="D:\Auto\Capstone_SDETAdvanced\test-output\reports\archive\Confirm_14_07_24_09_51_31_819.png"> <img src="D:\Auto\Capstone_SDETAdvanced\test-output\reports\archive\Confirm_14_07_24_09_51_31_819.png" height='100' width='100'/> </a>
]]>
    </line>
  </reporter-output>
  <suite started-at="2024-07-14T09:50:01 IST" name="E2ETestSuite" finished-at="2024-07-14T09:51:39 IST" duration-ms="97821">
    <groups>
      <group name="cucumber">
        <method signature="AbstractTestNGCucumberTests.runScenario(io.cucumber.testng.PickleWrapper,io.cucumber.testng.FeatureWrapper)[pri:0, instance:cucumber.TestRunner@2ddc9a9f]" name="runScenario" class="io.cucumber.testng.AbstractTestNGCucumberTests"/>
      </group> <!-- cucumber -->
    </groups>
    <test started-at="2024-07-14T09:50:01 IST" name="End2EndFlowSauceLabDemo" finished-at="2024-07-14T09:51:39 IST" duration-ms="97821">
      <class name="cucumber.TestRunner">
        <test-method is-config="true" signature="setUpClass(org.testng.ITestContext)[pri:0, instance:cucumber.TestRunner@2ddc9a9f]" started-at="2024-07-14T09:50:01 IST" name="setUpClass" finished-at="2024-07-14T09:50:04 IST" duration-ms="3501" status="PASS">
          <params>
            <param index="0">
              <value>
                <![CDATA[org.testng.TestRunner@4c2bb6e0]]>
              </value>
            </param>
          </params>
          <reporter-output>
          </reporter-output>
        </test-method> <!-- setUpClass -->
        <test-method signature="runScenario(io.cucumber.testng.PickleWrapper,io.cucumber.testng.FeatureWrapper)[pri:0, instance:cucumber.TestRunner@2ddc9a9f]" started-at="2024-07-14T09:50:04 IST" name="runScenario" description="Runs Cucumber Scenarios" data-provider="scenarios" finished-at="2024-07-14T09:51:34 IST" duration-ms="90016" status="PASS">
          <params>
            <param index="0">
              <value>
                <![CDATA["Login to Application Using Examples and Credentials From DataProvider and place orders"]]>
              </value>
            </param>
            <param index="1">
              <value>
                <![CDATA["Login to SauceLabDemo Application"]]>
              </value>
            </param>
          </params>
          <reporter-output>
            <line>
              <![CDATA[Login page is loaded successfully
<a href="D:\Auto\Capstone_SDETAdvanced\test-output\reports\archive\Login_14_07_24_09_50_43_882.png"> <img src="D:\Auto\Capstone_SDETAdvanced\test-output\reports\archive\Login_14_07_24_09_50_43_882.png" height='100' width='100'/> </a>
]]>
            </line>
            <line>
              <![CDATA[Username entered with standard_user
<a href="D:\Auto\Capstone_SDETAdvanced\test-output\reports\archive\Username_14_07_24_09_50_47_814.png"> <img src="D:\Auto\Capstone_SDETAdvanced\test-output\reports\archive\Username_14_07_24_09_50_47_814.png" height='100' width='100'/> </a>
]]>
            </line>
            <line>
              <![CDATA[Password entered with secret_sauce
<a href="D:\Auto\Capstone_SDETAdvanced\test-output\reports\archive\Password_14_07_24_09_50_48_479.png"> <img src="D:\Auto\Capstone_SDETAdvanced\test-output\reports\archive\Password_14_07_24_09_50_48_479.png" height='100' width='100'/> </a>
]]>
            </line>
            <line>
              <![CDATA[ProductPage page is loaded successfully
<a href="D:\Auto\Capstone_SDETAdvanced\test-output\reports\archive\ProductPage_14_07_24_09_50_51_814.png"> <img src="D:\Auto\Capstone_SDETAdvanced\test-output\reports\archive\ProductPage_14_07_24_09_50_51_814.png" height='100' width='100'/> </a>
]]>
            </line>
            <line>
              <![CDATA[ProductPage Element is not loaded successfully
<a href="D:\Auto\Capstone_SDETAdvanced\test-output\reports\archive\ProductPage_14_07_24_09_51_00_325.png"> <img src="D:\Auto\Capstone_SDETAdvanced\test-output\reports\archive\ProductPage_14_07_24_09_51_00_325.png" height='100' width='100'/> </a>
]]>
            </line>
            <line>
              <![CDATA[ProductPage Element is not loaded successfully
<a href="D:\Auto\Capstone_SDETAdvanced\test-output\reports\archive\ProductPage_14_07_24_09_51_13_754.png"> <img src="D:\Auto\Capstone_SDETAdvanced\test-output\reports\archive\ProductPage_14_07_24_09_51_13_754.png" height='100' width='100'/> </a>
]]>
            </line>
            <line>
              <![CDATA[Your Cart Element is loaded successfully
<a href="D:\Auto\Capstone_SDETAdvanced\test-output\reports\archive\Your Cart_14_07_24_09_51_17_914.png"> <img src="D:\Auto\Capstone_SDETAdvanced\test-output\reports\archive\Your Cart_14_07_24_09_51_17_914.png" height='100' width='100'/> </a>
]]>
            </line>
            <line>
              <![CDATA[Checkout: Your Information Element is loaded successfully
<a href="D:\Auto\Capstone_SDETAdvanced\test-output\reports\archive\Checkout: Your Information_14_07_24_09_51_22_367.png"> <img src="D:\Auto\Capstone_SDETAdvanced\test-output\reports\archive\Checkout: Your Information_14_07_24_09_51_22_367.png" height='100' width='100'/> </a>
]]>
            </line>
            <line>
              <![CDATA[FirstName entered with James
<a href="D:\Auto\Capstone_SDETAdvanced\test-output\reports\archive\FirstName_14_07_24_09_51_24_188.png"> <img src="D:\Auto\Capstone_SDETAdvanced\test-output\reports\archive\FirstName_14_07_24_09_51_24_188.png" height='100' width='100'/> </a>
]]>
            </line>
            <line>
              <![CDATA[LastName entered with David
<a href="D:\Auto\Capstone_SDETAdvanced\test-output\reports\archive\LastName_14_07_24_09_51_25_157.png"> <img src="D:\Auto\Capstone_SDETAdvanced\test-output\reports\archive\LastName_14_07_24_09_51_25_157.png" height='100' width='100'/> </a>
]]>
            </line>
            <line>
              <![CDATA[ZipCode entered with 6000393
<a href="D:\Auto\Capstone_SDETAdvanced\test-output\reports\archive\ZipCode_14_07_24_09_51_25_673.png"> <img src="D:\Auto\Capstone_SDETAdvanced\test-output\reports\archive\ZipCode_14_07_24_09_51_25_673.png" height='100' width='100'/> </a>
]]>
            </line>
            <line>
              <![CDATA[Checkout: Overview Element is loaded successfully
<a href="D:\Auto\Capstone_SDETAdvanced\test-output\reports\archive\Checkout: Overview_14_07_24_09_51_29_618.png"> <img src="D:\Auto\Capstone_SDETAdvanced\test-output\reports\archive\Checkout: Overview_14_07_24_09_51_29_618.png" height='100' width='100'/> </a>
]]>
            </line>
            <line>
              <![CDATA[Confirm Element is loaded successfully
<a href="D:\Auto\Capstone_SDETAdvanced\test-output\reports\archive\Confirm_14_07_24_09_51_31_819.png"> <img src="D:\Auto\Capstone_SDETAdvanced\test-output\reports\archive\Confirm_14_07_24_09_51_31_819.png" height='100' width='100'/> </a>
]]>
            </line>
          </reporter-output>
        </test-method> <!-- runScenario -->
        <test-method is-config="true" signature="tearDownClass()[pri:0, instance:cucumber.TestRunner@2ddc9a9f]" started-at="2024-07-14T09:51:34 IST" name="tearDownClass" finished-at="2024-07-14T09:51:39 IST" duration-ms="4218" status="PASS">
          <reporter-output>
          </reporter-output>
        </test-method> <!-- tearDownClass -->
      </class> <!-- cucumber.TestRunner -->
      <class name="cucumber.DataProvidersTest">
        <test-method is-config="true" signature="initURL()[pri:0, instance:cucumber.DataProvidersTest@63376bed]" started-at="2024-07-14T09:50:01 IST" name="initURL" finished-at="2024-07-14T09:50:01 IST" duration-ms="120" status="PASS">
          <reporter-output>
          </reporter-output>
        </test-method> <!-- initURL -->
        <test-method signature="setCredentials(java.lang.String,java.lang.String)[pri:0, instance:cucumber.DataProvidersTest@63376bed]" started-at="2024-07-14T09:50:01 IST" name="setCredentials" data-provider="userCredentials" finished-at="2024-07-14T09:50:01 IST" duration-ms="9" status="PASS">
          <params>
            <param index="0">
              <value>
                <![CDATA[standard_user]]>
              </value>
            </param>
            <param index="1">
              <value>
                <![CDATA[secret_sauce]]>
              </value>
            </param>
          </params>
          <reporter-output>
          </reporter-output>
        </test-method> <!-- setCredentials -->
      </class> <!-- cucumber.DataProvidersTest -->
    </test> <!-- End2EndFlowSauceLabDemo -->
  </suite> <!-- E2ETestSuite -->
</testng-results>
