<?xml version="1.0" encoding="UTF-8"?>
<testng-results ignored="0" total="2" passed="2" failed="0" skipped="0">
  <reporter-output>
    <line>
      <![CDATA[Login page is loaded successfully
<a href="D:\Auto\Capstone_SDET_Aadvanced\test-output\reports\archive\Login_14_07_24_13_18_27_777.png"> <img src="D:\Auto\Capstone_SDET_Aadvanced\test-output\reports\archive\Login_14_07_24_13_18_27_777.png" height='100' width='100'/> </a>
]]>
    </line>
    <line>
      <![CDATA[Username entered with standard_user
<a href="D:\Auto\Capstone_SDET_Aadvanced\test-output\reports\archive\Username_14_07_24_13_18_30_957.png"> <img src="D:\Auto\Capstone_SDET_Aadvanced\test-output\reports\archive\Username_14_07_24_13_18_30_957.png" height='100' width='100'/> </a>
]]>
    </line>
    <line>
      <![CDATA[Password entered with secret_sauce
<a href="D:\Auto\Capstone_SDET_Aadvanced\test-output\reports\archive\Password_14_07_24_13_18_31_634.png"> <img src="D:\Auto\Capstone_SDET_Aadvanced\test-output\reports\archive\Password_14_07_24_13_18_31_634.png" height='100' width='100'/> </a>
]]>
    </line>
    <line>
      <![CDATA[ProductPage page is loaded successfully
<a href="D:\Auto\Capstone_SDET_Aadvanced\test-output\reports\archive\ProductPage_14_07_24_13_18_34_877.png"> <img src="D:\Auto\Capstone_SDET_Aadvanced\test-output\reports\archive\ProductPage_14_07_24_13_18_34_877.png" height='100' width='100'/> </a>
]]>
    </line>
    <line>
      <![CDATA[ProductPage Element is not loaded successfully
<a href="D:\Auto\Capstone_SDET_Aadvanced\test-output\reports\archive\ProductPage_14_07_24_13_18_39_519.png"> <img src="D:\Auto\Capstone_SDET_Aadvanced\test-output\reports\archive\ProductPage_14_07_24_13_18_39_519.png" height='100' width='100'/> </a>
]]>
    </line>
    <line>
      <![CDATA[ProductPage Element is not loaded successfully
<a href="D:\Auto\Capstone_SDET_Aadvanced\test-output\reports\archive\ProductPage_14_07_24_13_18_55_786.png"> <img src="D:\Auto\Capstone_SDET_Aadvanced\test-output\reports\archive\ProductPage_14_07_24_13_18_55_786.png" height='100' width='100'/> </a>
]]>
    </line>
    <line>
      <![CDATA[Your Cart Element is loaded successfully
<a href="D:\Auto\Capstone_SDET_Aadvanced\test-output\reports\archive\Your Cart_14_07_24_13_19_00_183.png"> <img src="D:\Auto\Capstone_SDET_Aadvanced\test-output\reports\archive\Your Cart_14_07_24_13_19_00_183.png" height='100' width='100'/> </a>
]]>
    </line>
    <line>
      <![CDATA[Checkout: Your Information Element is loaded successfully
<a href="D:\Auto\Capstone_SDET_Aadvanced\test-output\reports\archive\Checkout: Your Information_14_07_24_13_19_03_965.png"> <img src="D:\Auto\Capstone_SDET_Aadvanced\test-output\reports\archive\Checkout: Your Information_14_07_24_13_19_03_965.png" height='100' width='100'/> </a>
]]>
    </line>
    <line>
      <![CDATA[FirstName entered with James
<a href="D:\Auto\Capstone_SDET_Aadvanced\test-output\reports\archive\FirstName_14_07_24_13_19_04_832.png"> <img src="D:\Auto\Capstone_SDET_Aadvanced\test-output\reports\archive\FirstName_14_07_24_13_19_04_832.png" height='100' width='100'/> </a>
]]>
    </line>
    <line>
      <![CDATA[LastName entered with David
<a href="D:\Auto\Capstone_SDET_Aadvanced\test-output\reports\archive\LastName_14_07_24_13_19_06_281.png"> <img src="D:\Auto\Capstone_SDET_Aadvanced\test-output\reports\archive\LastName_14_07_24_13_19_06_281.png" height='100' width='100'/> </a>
]]>
    </line>
    <line>
      <![CDATA[ZipCode entered with 6000393
<a href="D:\Auto\Capstone_SDET_Aadvanced\test-output\reports\archive\ZipCode_14_07_24_13_19_07_216.png"> <img src="D:\Auto\Capstone_SDET_Aadvanced\test-output\reports\archive\ZipCode_14_07_24_13_19_07_216.png" height='100' width='100'/> </a>
]]>
    </line>
    <line>
      <![CDATA[Checkout: Overview Element is loaded successfully
<a href="D:\Auto\Capstone_SDET_Aadvanced\test-output\reports\archive\Checkout: Overview_14_07_24_13_19_09_375.png"> <img src="D:\Auto\Capstone_SDET_Aadvanced\test-output\reports\archive\Checkout: Overview_14_07_24_13_19_09_375.png" height='100' width='100'/> </a>
]]>
    </line>
    <line>
      <![CDATA[Confirm Element is loaded successfully
<a href="D:\Auto\Capstone_SDET_Aadvanced\test-output\reports\archive\Confirm_14_07_24_13_19_11_606.png"> <img src="D:\Auto\Capstone_SDET_Aadvanced\test-output\reports\archive\Confirm_14_07_24_13_19_11_606.png" height='100' width='100'/> </a>
]]>
    </line>
  </reporter-output>
  <suite started-at="2024-07-14T13:18:17 IST" name="E2ETestSuite" finished-at="2024-07-14T13:19:24 IST" duration-ms="67375">
    <groups>
      <group name="cucumber">
        <method signature="AbstractTestNGCucumberTests.runScenario(io.cucumber.testng.PickleWrapper,io.cucumber.testng.FeatureWrapper)[pri:0, instance:cucumber.TestRunner@2ddc9a9f]" name="runScenario" class="io.cucumber.testng.AbstractTestNGCucumberTests"/>
      </group> <!-- cucumber -->
    </groups>
    <test started-at="2024-07-14T13:18:17 IST" name="End2EndFlowSauceLabDemo" finished-at="2024-07-14T13:19:24 IST" duration-ms="67375">
      <class name="cucumber.TestRunner">
        <test-method is-config="true" signature="setUpClass(org.testng.ITestContext)[pri:0, instance:cucumber.TestRunner@2ddc9a9f]" started-at="2024-07-14T13:18:17 IST" name="setUpClass" finished-at="2024-07-14T13:18:18 IST" duration-ms="1280" status="PASS">
          <params>
            <param index="0">
              <value>
                <![CDATA[org.testng.TestRunner@4c2bb6e0]]>
              </value>
            </param>
          </params>
          <reporter-output>
          </reporter-output>
        </test-method> <!-- setUpClass -->
        <test-method signature="runScenario(io.cucumber.testng.PickleWrapper,io.cucumber.testng.FeatureWrapper)[pri:0, instance:cucumber.TestRunner@2ddc9a9f]" started-at="2024-07-14T13:18:18 IST" name="runScenario" description="Runs Cucumber Scenarios" data-provider="scenarios" finished-at="2024-07-14T13:19:15 IST" duration-ms="56706" status="PASS">
          <params>
            <param index="0">
              <value>
                <![CDATA["Login to Application Using Examples and Credentials From DataProvider and place orders"]]>
              </value>
            </param>
            <param index="1">
              <value>
                <![CDATA["Login to SauceLabDemo Application"]]>
              </value>
            </param>
          </params>
          <reporter-output>
            <line>
              <![CDATA[Login page is loaded successfully
<a href="D:\Auto\Capstone_SDET_Aadvanced\test-output\reports\archive\Login_14_07_24_13_18_27_777.png"> <img src="D:\Auto\Capstone_SDET_Aadvanced\test-output\reports\archive\Login_14_07_24_13_18_27_777.png" height='100' width='100'/> </a>
]]>
            </line>
            <line>
              <![CDATA[Username entered with standard_user
<a href="D:\Auto\Capstone_SDET_Aadvanced\test-output\reports\archive\Username_14_07_24_13_18_30_957.png"> <img src="D:\Auto\Capstone_SDET_Aadvanced\test-output\reports\archive\Username_14_07_24_13_18_30_957.png" height='100' width='100'/> </a>
]]>
            </line>
            <line>
              <![CDATA[Password entered with secret_sauce
<a href="D:\Auto\Capstone_SDET_Aadvanced\test-output\reports\archive\Password_14_07_24_13_18_31_634.png"> <img src="D:\Auto\Capstone_SDET_Aadvanced\test-output\reports\archive\Password_14_07_24_13_18_31_634.png" height='100' width='100'/> </a>
]]>
            </line>
            <line>
              <![CDATA[ProductPage page is loaded successfully
<a href="D:\Auto\Capstone_SDET_Aadvanced\test-output\reports\archive\ProductPage_14_07_24_13_18_34_877.png"> <img src="D:\Auto\Capstone_SDET_Aadvanced\test-output\reports\archive\ProductPage_14_07_24_13_18_34_877.png" height='100' width='100'/> </a>
]]>
            </line>
            <line>
              <![CDATA[ProductPage Element is not loaded successfully
<a href="D:\Auto\Capstone_SDET_Aadvanced\test-output\reports\archive\ProductPage_14_07_24_13_18_39_519.png"> <img src="D:\Auto\Capstone_SDET_Aadvanced\test-output\reports\archive\ProductPage_14_07_24_13_18_39_519.png" height='100' width='100'/> </a>
]]>
            </line>
            <line>
              <![CDATA[ProductPage Element is not loaded successfully
<a href="D:\Auto\Capstone_SDET_Aadvanced\test-output\reports\archive\ProductPage_14_07_24_13_18_55_786.png"> <img src="D:\Auto\Capstone_SDET_Aadvanced\test-output\reports\archive\ProductPage_14_07_24_13_18_55_786.png" height='100' width='100'/> </a>
]]>
            </line>
            <line>
              <![CDATA[Your Cart Element is loaded successfully
<a href="D:\Auto\Capstone_SDET_Aadvanced\test-output\reports\archive\Your Cart_14_07_24_13_19_00_183.png"> <img src="D:\Auto\Capstone_SDET_Aadvanced\test-output\reports\archive\Your Cart_14_07_24_13_19_00_183.png" height='100' width='100'/> </a>
]]>
            </line>
            <line>
              <![CDATA[Checkout: Your Information Element is loaded successfully
<a href="D:\Auto\Capstone_SDET_Aadvanced\test-output\reports\archive\Checkout: Your Information_14_07_24_13_19_03_965.png"> <img src="D:\Auto\Capstone_SDET_Aadvanced\test-output\reports\archive\Checkout: Your Information_14_07_24_13_19_03_965.png" height='100' width='100'/> </a>
]]>
            </line>
            <line>
              <![CDATA[FirstName entered with James
<a href="D:\Auto\Capstone_SDET_Aadvanced\test-output\reports\archive\FirstName_14_07_24_13_19_04_832.png"> <img src="D:\Auto\Capstone_SDET_Aadvanced\test-output\reports\archive\FirstName_14_07_24_13_19_04_832.png" height='100' width='100'/> </a>
]]>
            </line>
            <line>
              <![CDATA[LastName entered with David
<a href="D:\Auto\Capstone_SDET_Aadvanced\test-output\reports\archive\LastName_14_07_24_13_19_06_281.png"> <img src="D:\Auto\Capstone_SDET_Aadvanced\test-output\reports\archive\LastName_14_07_24_13_19_06_281.png" height='100' width='100'/> </a>
]]>
            </line>
            <line>
              <![CDATA[ZipCode entered with 6000393
<a href="D:\Auto\Capstone_SDET_Aadvanced\test-output\reports\archive\ZipCode_14_07_24_13_19_07_216.png"> <img src="D:\Auto\Capstone_SDET_Aadvanced\test-output\reports\archive\ZipCode_14_07_24_13_19_07_216.png" height='100' width='100'/> </a>
]]>
            </line>
            <line>
              <![CDATA[Checkout: Overview Element is loaded successfully
<a href="D:\Auto\Capstone_SDET_Aadvanced\test-output\reports\archive\Checkout: Overview_14_07_24_13_19_09_375.png"> <img src="D:\Auto\Capstone_SDET_Aadvanced\test-output\reports\archive\Checkout: Overview_14_07_24_13_19_09_375.png" height='100' width='100'/> </a>
]]>
            </line>
            <line>
              <![CDATA[Confirm Element is loaded successfully
<a href="D:\Auto\Capstone_SDET_Aadvanced\test-output\reports\archive\Confirm_14_07_24_13_19_11_606.png"> <img src="D:\Auto\Capstone_SDET_Aadvanced\test-output\reports\archive\Confirm_14_07_24_13_19_11_606.png" height='100' width='100'/> </a>
]]>
            </line>
          </reporter-output>
        </test-method> <!-- runScenario -->
        <test-method is-config="true" signature="tearDownClass()[pri:0, instance:cucumber.TestRunner@2ddc9a9f]" started-at="2024-07-14T13:19:15 IST" name="tearDownClass" finished-at="2024-07-14T13:19:24 IST" duration-ms="9331" status="PASS">
          <reporter-output>
          </reporter-output>
        </test-method> <!-- tearDownClass -->
      </class> <!-- cucumber.TestRunner -->
      <class name="cucumber.DataProvidersTest">
        <test-method is-config="true" signature="initURL()[pri:0, instance:cucumber.DataProvidersTest@63376bed]" started-at="2024-07-14T13:18:17 IST" name="initURL" finished-at="2024-07-14T13:18:17 IST" duration-ms="114" status="PASS">
          <reporter-output>
          </reporter-output>
        </test-method> <!-- initURL -->
        <test-method signature="setCredentials(java.lang.String,java.lang.String)[pri:0, instance:cucumber.DataProvidersTest@63376bed]" started-at="2024-07-14T13:18:17 IST" name="setCredentials" data-provider="userCredentials" finished-at="2024-07-14T13:18:17 IST" duration-ms="9" status="PASS">
          <params>
            <param index="0">
              <value>
                <![CDATA[standard_user]]>
              </value>
            </param>
            <param index="1">
              <value>
                <![CDATA[secret_sauce]]>
              </value>
            </param>
          </params>
          <reporter-output>
          </reporter-output>
        </test-method> <!-- setCredentials -->
      </class> <!-- cucumber.DataProvidersTest -->
    </test> <!-- End2EndFlowSauceLabDemo -->
  </suite> <!-- E2ETestSuite -->
</testng-results>
