<?xml version="1.0" encoding="UTF-8"?>
<testng-results ignored="0" total="2" passed="2" failed="0" skipped="0">
  <reporter-output>
    <line>
      <![CDATA[Login page is loaded successfully
<a href="D:\Auto\Capstone_SDETAdvanced\test-output\reports\archive\Login_14_07_24_09_54_33_892.png"> <img src="D:\Auto\Capstone_SDETAdvanced\test-output\reports\archive\Login_14_07_24_09_54_33_892.png" height='100' width='100'/> </a>
]]>
    </line>
    <line>
      <![CDATA[Username entered with standard_user
<a href="D:\Auto\Capstone_SDETAdvanced\test-output\reports\archive\Username_14_07_24_09_54_40_863.png"> <img src="D:\Auto\Capstone_SDETAdvanced\test-output\reports\archive\Username_14_07_24_09_54_40_863.png" height='100' width='100'/> </a>
]]>
    </line>
    <line>
      <![CDATA[Password entered with secret_sauce
<a href="D:\Auto\Capstone_SDETAdvanced\test-output\reports\archive\Password_14_07_24_09_54_41_316.png"> <img src="D:\Auto\Capstone_SDETAdvanced\test-output\reports\archive\Password_14_07_24_09_54_41_316.png" height='100' width='100'/> </a>
]]>
    </line>
    <line>
      <![CDATA[ProductPage page is loaded successfully
<a href="D:\Auto\Capstone_SDETAdvanced\test-output\reports\archive\ProductPage_14_07_24_09_54_44_798.png"> <img src="D:\Auto\Capstone_SDETAdvanced\test-output\reports\archive\ProductPage_14_07_24_09_54_44_798.png" height='100' width='100'/> </a>
]]>
    </line>
    <line>
      <![CDATA[ProductPage Element is not loaded successfully
<a href="D:\Auto\Capstone_SDETAdvanced\test-output\reports\archive\ProductPage_14_07_24_09_54_49_368.png"> <img src="D:\Auto\Capstone_SDETAdvanced\test-output\reports\archive\ProductPage_14_07_24_09_54_49_368.png" height='100' width='100'/> </a>
]]>
    </line>
    <line>
      <![CDATA[ProductPage Element is not loaded successfully
<a href="D:\Auto\Capstone_SDETAdvanced\test-output\reports\archive\ProductPage_14_07_24_09_54_59_859.png"> <img src="D:\Auto\Capstone_SDETAdvanced\test-output\reports\archive\ProductPage_14_07_24_09_54_59_859.png" height='100' width='100'/> </a>
]]>
    </line>
    <line>
      <![CDATA[Your Cart Element is loaded successfully
<a href="D:\Auto\Capstone_SDETAdvanced\test-output\reports\archive\Your Cart_14_07_24_09_55_03_562.png"> <img src="D:\Auto\Capstone_SDETAdvanced\test-output\reports\archive\Your Cart_14_07_24_09_55_03_562.png" height='100' width='100'/> </a>
]]>
    </line>
    <line>
      <![CDATA[Checkout: Your Information Element is loaded successfully
<a href="D:\Auto\Capstone_SDETAdvanced\test-output\reports\archive\Checkout: Your Information_14_07_24_09_55_07_267.png"> <img src="D:\Auto\Capstone_SDETAdvanced\test-output\reports\archive\Checkout: Your Information_14_07_24_09_55_07_267.png" height='100' width='100'/> </a>
]]>
    </line>
    <line>
      <![CDATA[FirstName entered with James
<a href="D:\Auto\Capstone_SDETAdvanced\test-output\reports\archive\FirstName_14_07_24_09_55_07_804.png"> <img src="D:\Auto\Capstone_SDETAdvanced\test-output\reports\archive\FirstName_14_07_24_09_55_07_804.png" height='100' width='100'/> </a>
]]>
    </line>
    <line>
      <![CDATA[LastName entered with David
<a href="D:\Auto\Capstone_SDETAdvanced\test-output\reports\archive\LastName_14_07_24_09_55_08_254.png"> <img src="D:\Auto\Capstone_SDETAdvanced\test-output\reports\archive\LastName_14_07_24_09_55_08_254.png" height='100' width='100'/> </a>
]]>
    </line>
    <line>
      <![CDATA[ZipCode entered with 6000393
<a href="D:\Auto\Capstone_SDETAdvanced\test-output\reports\archive\ZipCode_14_07_24_09_55_08_748.png"> <img src="D:\Auto\Capstone_SDETAdvanced\test-output\reports\archive\ZipCode_14_07_24_09_55_08_748.png" height='100' width='100'/> </a>
]]>
    </line>
    <line>
      <![CDATA[Checkout: Overview Element is loaded successfully
<a href="D:\Auto\Capstone_SDETAdvanced\test-output\reports\archive\Checkout: Overview_14_07_24_09_55_10_759.png"> <img src="D:\Auto\Capstone_SDETAdvanced\test-output\reports\archive\Checkout: Overview_14_07_24_09_55_10_759.png" height='100' width='100'/> </a>
]]>
    </line>
    <line>
      <![CDATA[Confirm Element is loaded successfully
<a href="D:\Auto\Capstone_SDETAdvanced\test-output\reports\archive\Confirm_14_07_24_09_55_12_478.png"> <img src="D:\Auto\Capstone_SDETAdvanced\test-output\reports\archive\Confirm_14_07_24_09_55_12_478.png" height='100' width='100'/> </a>
]]>
    </line>
  </reporter-output>
  <suite started-at="2024-07-14T09:54:13 IST" name="E2ETestSuite" finished-at="2024-07-14T09:55:19 IST" duration-ms="66160">
    <groups>
      <group name="cucumber">
        <method signature="AbstractTestNGCucumberTests.runScenario(io.cucumber.testng.PickleWrapper,io.cucumber.testng.FeatureWrapper)[pri:0, instance:cucumber.TestRunner@247d8ae]" name="runScenario" class="io.cucumber.testng.AbstractTestNGCucumberTests"/>
      </group> <!-- cucumber -->
    </groups>
    <test started-at="2024-07-14T09:54:13 IST" name="End2EndFlowSauceLabDemo" finished-at="2024-07-14T09:55:19 IST" duration-ms="66160">
      <class name="cucumber.TestRunner">
        <test-method is-config="true" signature="setUpClass(org.testng.ITestContext)[pri:0, instance:cucumber.TestRunner@247d8ae]" started-at="2024-07-14T09:54:13 IST" name="setUpClass" finished-at="2024-07-14T09:54:15 IST" duration-ms="2711" status="PASS">
          <params>
            <param index="0">
              <value>
                <![CDATA[org.testng.TestRunner@480d3575]]>
              </value>
            </param>
          </params>
          <reporter-output>
          </reporter-output>
        </test-method> <!-- setUpClass -->
        <test-method signature="runScenario(io.cucumber.testng.PickleWrapper,io.cucumber.testng.FeatureWrapper)[pri:0, instance:cucumber.TestRunner@247d8ae]" started-at="2024-07-14T09:54:15 IST" name="runScenario" description="Runs Cucumber Scenarios" data-provider="scenarios" finished-at="2024-07-14T09:55:15 IST" duration-ms="59728" status="PASS">
          <params>
            <param index="0">
              <value>
                <![CDATA["Login to Application Using Examples and Credentials From DataProvider and place orders"]]>
              </value>
            </param>
            <param index="1">
              <value>
                <![CDATA["Login to SauceLabDemo Application"]]>
              </value>
            </param>
          </params>
          <reporter-output>
            <line>
              <![CDATA[Login page is loaded successfully
<a href="D:\Auto\Capstone_SDETAdvanced\test-output\reports\archive\Login_14_07_24_09_54_33_892.png"> <img src="D:\Auto\Capstone_SDETAdvanced\test-output\reports\archive\Login_14_07_24_09_54_33_892.png" height='100' width='100'/> </a>
]]>
            </line>
            <line>
              <![CDATA[Username entered with standard_user
<a href="D:\Auto\Capstone_SDETAdvanced\test-output\reports\archive\Username_14_07_24_09_54_40_863.png"> <img src="D:\Auto\Capstone_SDETAdvanced\test-output\reports\archive\Username_14_07_24_09_54_40_863.png" height='100' width='100'/> </a>
]]>
            </line>
            <line>
              <![CDATA[Password entered with secret_sauce
<a href="D:\Auto\Capstone_SDETAdvanced\test-output\reports\archive\Password_14_07_24_09_54_41_316.png"> <img src="D:\Auto\Capstone_SDETAdvanced\test-output\reports\archive\Password_14_07_24_09_54_41_316.png" height='100' width='100'/> </a>
]]>
            </line>
            <line>
              <![CDATA[ProductPage page is loaded successfully
<a href="D:\Auto\Capstone_SDETAdvanced\test-output\reports\archive\ProductPage_14_07_24_09_54_44_798.png"> <img src="D:\Auto\Capstone_SDETAdvanced\test-output\reports\archive\ProductPage_14_07_24_09_54_44_798.png" height='100' width='100'/> </a>
]]>
            </line>
            <line>
              <![CDATA[ProductPage Element is not loaded successfully
<a href="D:\Auto\Capstone_SDETAdvanced\test-output\reports\archive\ProductPage_14_07_24_09_54_49_368.png"> <img src="D:\Auto\Capstone_SDETAdvanced\test-output\reports\archive\ProductPage_14_07_24_09_54_49_368.png" height='100' width='100'/> </a>
]]>
            </line>
            <line>
              <![CDATA[ProductPage Element is not loaded successfully
<a href="D:\Auto\Capstone_SDETAdvanced\test-output\reports\archive\ProductPage_14_07_24_09_54_59_859.png"> <img src="D:\Auto\Capstone_SDETAdvanced\test-output\reports\archive\ProductPage_14_07_24_09_54_59_859.png" height='100' width='100'/> </a>
]]>
            </line>
            <line>
              <![CDATA[Your Cart Element is loaded successfully
<a href="D:\Auto\Capstone_SDETAdvanced\test-output\reports\archive\Your Cart_14_07_24_09_55_03_562.png"> <img src="D:\Auto\Capstone_SDETAdvanced\test-output\reports\archive\Your Cart_14_07_24_09_55_03_562.png" height='100' width='100'/> </a>
]]>
            </line>
            <line>
              <![CDATA[Checkout: Your Information Element is loaded successfully
<a href="D:\Auto\Capstone_SDETAdvanced\test-output\reports\archive\Checkout: Your Information_14_07_24_09_55_07_267.png"> <img src="D:\Auto\Capstone_SDETAdvanced\test-output\reports\archive\Checkout: Your Information_14_07_24_09_55_07_267.png" height='100' width='100'/> </a>
]]>
            </line>
            <line>
              <![CDATA[FirstName entered with James
<a href="D:\Auto\Capstone_SDETAdvanced\test-output\reports\archive\FirstName_14_07_24_09_55_07_804.png"> <img src="D:\Auto\Capstone_SDETAdvanced\test-output\reports\archive\FirstName_14_07_24_09_55_07_804.png" height='100' width='100'/> </a>
]]>
            </line>
            <line>
              <![CDATA[LastName entered with David
<a href="D:\Auto\Capstone_SDETAdvanced\test-output\reports\archive\LastName_14_07_24_09_55_08_254.png"> <img src="D:\Auto\Capstone_SDETAdvanced\test-output\reports\archive\LastName_14_07_24_09_55_08_254.png" height='100' width='100'/> </a>
]]>
            </line>
            <line>
              <![CDATA[ZipCode entered with 6000393
<a href="D:\Auto\Capstone_SDETAdvanced\test-output\reports\archive\ZipCode_14_07_24_09_55_08_748.png"> <img src="D:\Auto\Capstone_SDETAdvanced\test-output\reports\archive\ZipCode_14_07_24_09_55_08_748.png" height='100' width='100'/> </a>
]]>
            </line>
            <line>
              <![CDATA[Checkout: Overview Element is loaded successfully
<a href="D:\Auto\Capstone_SDETAdvanced\test-output\reports\archive\Checkout: Overview_14_07_24_09_55_10_759.png"> <img src="D:\Auto\Capstone_SDETAdvanced\test-output\reports\archive\Checkout: Overview_14_07_24_09_55_10_759.png" height='100' width='100'/> </a>
]]>
            </line>
            <line>
              <![CDATA[Confirm Element is loaded successfully
<a href="D:\Auto\Capstone_SDETAdvanced\test-output\reports\archive\Confirm_14_07_24_09_55_12_478.png"> <img src="D:\Auto\Capstone_SDETAdvanced\test-output\reports\archive\Confirm_14_07_24_09_55_12_478.png" height='100' width='100'/> </a>
]]>
            </line>
          </reporter-output>
        </test-method> <!-- runScenario -->
        <test-method is-config="true" signature="tearDownClass()[pri:0, instance:cucumber.TestRunner@247d8ae]" started-at="2024-07-14T09:55:15 IST" name="tearDownClass" finished-at="2024-07-14T09:55:19 IST" duration-ms="3641" status="PASS">
          <reporter-output>
          </reporter-output>
        </test-method> <!-- tearDownClass -->
      </class> <!-- cucumber.TestRunner -->
      <class name="cucumber.DataProvidersTest">
        <test-method is-config="true" signature="initURL()[pri:0, instance:cucumber.DataProvidersTest@306f16f3]" started-at="2024-07-14T09:54:12 IST" name="initURL" finished-at="2024-07-14T09:54:13 IST" duration-ms="268" status="PASS">
          <reporter-output>
          </reporter-output>
        </test-method> <!-- initURL -->
        <test-method signature="setCredentials(java.lang.String,java.lang.String)[pri:0, instance:cucumber.DataProvidersTest@306f16f3]" started-at="2024-07-14T09:54:13 IST" name="setCredentials" data-provider="userCredentials" finished-at="2024-07-14T09:54:13 IST" duration-ms="17" status="PASS">
          <params>
            <param index="0">
              <value>
                <![CDATA[standard_user]]>
              </value>
            </param>
            <param index="1">
              <value>
                <![CDATA[secret_sauce]]>
              </value>
            </param>
          </params>
          <reporter-output>
          </reporter-output>
        </test-method> <!-- setCredentials -->
      </class> <!-- cucumber.DataProvidersTest -->
    </test> <!-- End2EndFlowSauceLabDemo -->
  </suite> <!-- E2ETestSuite -->
</testng-results>
