<?xml version="1.0" encoding="UTF-8"?>
<!-- Generated by org.testng.reporters.JUnitXMLReporter -->
<testsuite ignored="0" hostname="DESKTOP-8G6OKCB" failures="0" tests="2" name="End2EndFlowSauceLabDemo" time="66.16" errors="0" timestamp="2024-07-14T09:55:19 IST">
  <testcase classname="cucumber.DataProvidersTest" name="setCredentials" time="0.017"/>
  <testcase classname="io.cucumber.testng.AbstractTestNGCucumberTests" name="runScenario" time="59.728"/>
</testsuite> <!-- End2EndFlowSauceLabDemo -->
